mode: set
github.com/imperatorofdwelling/Full-backend/internal/api/handler/auth/auth.go:29.52,32.2 2 1
github.com/imperatorofdwelling/Full-backend/internal/api/handler/auth/auth.go:46.76,55.64 4 1
github.com/imperatorofdwelling/Full-backend/internal/api/handler/auth/auth.go:55.64,59.3 3 1
github.com/imperatorofdwelling/Full-backend/internal/api/handler/auth/auth.go:62.2,65.18 3 1
github.com/imperatorofdwelling/Full-backend/internal/api/handler/auth/auth.go:65.18,68.3 2 1
github.com/imperatorofdwelling/Full-backend/internal/api/handler/auth/auth.go:70.2,71.16 2 1
github.com/imperatorofdwelling/Full-backend/internal/api/handler/auth/auth.go:71.16,72.90 1 1
github.com/imperatorofdwelling/Full-backend/internal/api/handler/auth/auth.go:72.90,75.4 2 1
github.com/imperatorofdwelling/Full-backend/internal/api/handler/auth/auth.go:76.3,77.9 2 0
github.com/imperatorofdwelling/Full-backend/internal/api/handler/auth/auth.go:80.2,80.62 1 1
github.com/imperatorofdwelling/Full-backend/internal/api/handler/auth/auth.go:97.73,105.16 4 1
github.com/imperatorofdwelling/Full-backend/internal/api/handler/auth/auth.go:105.16,108.3 2 1
github.com/imperatorofdwelling/Full-backend/internal/api/handler/auth/auth.go:110.2,111.64 2 1
github.com/imperatorofdwelling/Full-backend/internal/api/handler/auth/auth.go:111.64,113.3 1 1
github.com/imperatorofdwelling/Full-backend/internal/api/handler/auth/auth.go:115.2,116.16 2 1
github.com/imperatorofdwelling/Full-backend/internal/api/handler/auth/auth.go:116.16,117.42 1 1
github.com/imperatorofdwelling/Full-backend/internal/api/handler/auth/auth.go:117.42,120.4 2 0
github.com/imperatorofdwelling/Full-backend/internal/api/handler/auth/auth.go:121.3,121.39 1 1
github.com/imperatorofdwelling/Full-backend/internal/api/handler/auth/auth.go:121.39,124.4 2 1
github.com/imperatorofdwelling/Full-backend/internal/api/handler/auth/auth.go:125.3,126.9 2 0
github.com/imperatorofdwelling/Full-backend/internal/api/handler/auth/auth.go:128.2,133.16 3 0
github.com/imperatorofdwelling/Full-backend/internal/api/handler/auth/auth.go:133.16,136.3 2 0
github.com/imperatorofdwelling/Full-backend/internal/api/handler/auth/auth.go:139.2,146.61 3 0
github.com/imperatorofdwelling/Full-backend/internal/api/handler/auth/auth.go:149.69,150.71 1 0
github.com/imperatorofdwelling/Full-backend/internal/api/handler/auth/auth.go:150.71,152.17 2 0
github.com/imperatorofdwelling/Full-backend/internal/api/handler/auth/auth.go:152.17,155.4 2 0
github.com/imperatorofdwelling/Full-backend/internal/api/handler/auth/auth.go:156.3,158.84 2 0
github.com/imperatorofdwelling/Full-backend/internal/api/handler/auth/auth.go:158.84,159.59 1 0
github.com/imperatorofdwelling/Full-backend/internal/api/handler/auth/auth.go:159.59,161.5 1 0
github.com/imperatorofdwelling/Full-backend/internal/api/handler/auth/auth.go:162.4,162.41 1 0
github.com/imperatorofdwelling/Full-backend/internal/api/handler/auth/auth.go:164.3,164.17 1 0
github.com/imperatorofdwelling/Full-backend/internal/api/handler/auth/auth.go:164.17,167.4 2 0
github.com/imperatorofdwelling/Full-backend/internal/api/handler/auth/auth.go:168.3,168.19 1 0
github.com/imperatorofdwelling/Full-backend/internal/api/handler/auth/auth.go:168.19,171.4 2 0
github.com/imperatorofdwelling/Full-backend/internal/api/handler/auth/auth.go:174.3,175.10 2 0
github.com/imperatorofdwelling/Full-backend/internal/api/handler/auth/auth.go:175.10,178.4 2 0
github.com/imperatorofdwelling/Full-backend/internal/api/handler/auth/auth.go:179.3,180.10 2 0
github.com/imperatorofdwelling/Full-backend/internal/api/handler/auth/auth.go:180.10,183.4 2 0
github.com/imperatorofdwelling/Full-backend/internal/api/handler/auth/auth.go:185.3,190.23 4 0
